[backblue.gif]
[fade.gif]
[index.html]
[pro2-bar-s3-cdn-cf6.myportfolio.com/6cb08496-3719-4da6-84f5-4acbd62a57a5/73362d93-ca8c-4c02-bded-2ffc12f94ca3_carw_1x1x3253e1.png]
[use.typekit.net/ik/LlCNXvUNZk6oJbBzdhUetZHXhZXCA0w3CRBJMad_MzGfel6gfHYEBsJzwD9oFDIDWDgKwejU5QB8wAIajDsKjRgRjQ8c52Ih5QbhF2myZA9owD9hwRjkZR9-mkG0dW83da4XZcNC-Av0jhNlOfG0SY4zwKuh-AmaOcuoSeNkieZzde8zOcFzdPUlpW]
[pro2-bar-s3-cdn-cf.myportfolio.com/6cb08496-3719-4da6-84f5-4acbd62a57a5/b7b93a1d-683a-4ba9-84e7-8e3643a837ae_carw_1x1x32c6b7.gif]
[pro2-bar-s3-cdn-cf1.myportfolio.com/6cb08496-3719-4da6-84f5-4acbd62a57a5/927de4a5-5588-485b-b2de-b720d24df656_carw_1x1x32fb48.gif]
[pro2-bar-s3-cdn-cf1.myportfolio.com/6cb08496-3719-4da6-84f5-4acbd62a57a5/9acdb0a3-6df9-4afc-bfe0-6a375bf7ffef_carw_1x1x3269f1.png]
[pro2-bar-s3-cdn-cf1.myportfolio.com/6cb08496-3719-4da6-84f5-4acbd62a57a5/2a5501c1-a405-46f5-a91f-f2c5b4ddf687_carw_1x1x323831.jpg]
[pro2-bar-s3-cdn-cf3.myportfolio.com/6cb08496-3719-4da6-84f5-4acbd62a57a5/ec3f2185-8a0f-4c46-963a-5e047b399e40_carw_1x1x32ff1d.jpg]
[pro2-bar-s3-cdn-cf1.myportfolio.com/6cb08496-3719-4da6-84f5-4acbd62a57a5/9c51f64c-4566-4fb0-8d28-aea01387b527_rwc_0x0x901x901x32c04d.png]
[cromeralec.myportfolio.com/site/translationscb21]
[cromeralec.myportfolio.com/dist/js/maincb21.js]
[cromeralec.myportfolio.com/index.html]
[cromeralec.myportfolio.com/dist/css/main.css]
[pro2-bar-s3-cdn-cf.myportfolio.com/6cb08496-3719-4da6-84f5-4acbd62a57a5/b3e5cea1faa1a679465b75d7522b53f716389118924744.css]
[cromeralec.myportfolio.com/home.html]
[pro2-bar-s3-cdn-cf1.myportfolio.com/6cb08496-3719-4da6-84f5-4acbd62a57a5/c231cbfa-7cd5-4611-a8cd-60f571399d37d4a0.gif]
[pro2-bar-s3-cdn-cf1.myportfolio.com/6cb08496-3719-4da6-84f5-4acbd62a57a5/c231cbfa-7cd5-4611-a8cd-60f571399d37_rw_6006d1f.gif]
[pro2-bar-s3-cdn-cf5.myportfolio.com/6cb08496-3719-4da6-84f5-4acbd62a57a5/6cb7f774-52db-47ec-bb8d-0fa6fed6f2fe3500.png]
[pro2-bar-s3-cdn-cf5.myportfolio.com/6cb08496-3719-4da6-84f5-4acbd62a57a5/6cb7f774-52db-47ec-bb8d-0fa6fed6f2fe_rw_12008b69.png]
[pro2-bar-s3-cdn-cf3.myportfolio.com/6cb08496-3719-4da6-84f5-4acbd62a57a5/e8d251fb-06b6-4901-8d32-99ffb09a7ba0266f.png]
[pro2-bar-s3-cdn-cf3.myportfolio.com/6cb08496-3719-4da6-84f5-4acbd62a57a5/e8d251fb-06b6-4901-8d32-99ffb09a7ba0_rw_600e6ba.png]
[pro2-bar-s3-cdn-cf.myportfolio.com/6cb08496-3719-4da6-84f5-4acbd62a57a5/1b4483ea-94d1-4068-a912-2f40067c12c4eb62.png]
[pro2-bar-s3-cdn-cf.myportfolio.com/6cb08496-3719-4da6-84f5-4acbd62a57a5/1b4483ea-94d1-4068-a912-2f40067c12c4_rw_600efdc.png]
[cromeralec.myportfolio.com/maya-scripts.html]
[pro2-bar-s3-cdn-cf4.myportfolio.com/6cb08496-3719-4da6-84f5-4acbd62a57a5/fde7d893-127e-420c-b1da-9f170cb1ca577091.png]
[pro2-bar-s3-cdn-cf4.myportfolio.com/6cb08496-3719-4da6-84f5-4acbd62a57a5/fde7d893-127e-420c-b1da-9f170cb1ca57_rw_1920a959.png]
[pro2-bar-s3-cdn-cf6.myportfolio.com/6cb08496-3719-4da6-84f5-4acbd62a57a5/76952d28-5855-463e-af76-b03526db335b96b1.gif]
[pro2-bar-s3-cdn-cf6.myportfolio.com/6cb08496-3719-4da6-84f5-4acbd62a57a5/76952d28-5855-463e-af76-b03526db335b_rw_6003353.gif]
[pro2-bar-s3-cdn-cf6.myportfolio.com/6cb08496-3719-4da6-84f5-4acbd62a57a5/0ed54b9a-2d56-4160-95d9-9081ea4032c3eabc.gif]
[pro2-bar-s3-cdn-cf6.myportfolio.com/6cb08496-3719-4da6-84f5-4acbd62a57a5/0ed54b9a-2d56-4160-95d9-9081ea4032c3_rw_600737a.gif]
[pro2-bar-s3-cdn-cf5.myportfolio.com/6cb08496-3719-4da6-84f5-4acbd62a57a5/6e2f86d9-fe43-419f-aef0-a1498e902ef02d9c.gif]
[pro2-bar-s3-cdn-cf5.myportfolio.com/6cb08496-3719-4da6-84f5-4acbd62a57a5/6e2f86d9-fe43-419f-aef0-a1498e902ef0_rw_19206ecc.gif]
[cromeralec.myportfolio.com/modeling-and-animation.html]
[pro2-bar-s3-cdn-cf3.myportfolio.com/6cb08496-3719-4da6-84f5-4acbd62a57a5/e958e091-f6c9-444b-8f2c-363c3cdf849ae962.png]
[pro2-bar-s3-cdn-cf3.myportfolio.com/6cb08496-3719-4da6-84f5-4acbd62a57a5/e958e091-f6c9-444b-8f2c-363c3cdf849a_rw_38401bd8.png]
[pro2-bar-s3-cdn-cf6.myportfolio.com/6cb08496-3719-4da6-84f5-4acbd62a57a5/0beb1992-e3da-4ff5-8b15-f0a0cfe072160312.gif]
[pro2-bar-s3-cdn-cf6.myportfolio.com/6cb08496-3719-4da6-84f5-4acbd62a57a5/0beb1992-e3da-4ff5-8b15-f0a0cfe07216_rw_1200d57d.gif]
[pro2-bar-s3-cdn-cf2.myportfolio.com/6cb08496-3719-4da6-84f5-4acbd62a57a5/d308c6f8-638f-4405-b85b-46fac3fb2a4e6be0.png]
[pro2-bar-s3-cdn-cf2.myportfolio.com/6cb08496-3719-4da6-84f5-4acbd62a57a5/d308c6f8-638f-4405-b85b-46fac3fb2a4e_rw_19207abc.png]
[pro2-bar-s3-cdn-cf4.myportfolio.com/6cb08496-3719-4da6-84f5-4acbd62a57a5/578ab55f-bcf6-4027-90f4-7960214b9fd9d13b.png]
[pro2-bar-s3-cdn-cf4.myportfolio.com/6cb08496-3719-4da6-84f5-4acbd62a57a5/578ab55f-bcf6-4027-90f4-7960214b9fd9_rw_19205b9e.png]
[pro2-bar-s3-cdn-cf1.myportfolio.com/6cb08496-3719-4da6-84f5-4acbd62a57a5/26690e9f-9fc8-47bf-b61a-35f587338218420c.png]
[pro2-bar-s3-cdn-cf1.myportfolio.com/6cb08496-3719-4da6-84f5-4acbd62a57a5/26690e9f-9fc8-47bf-b61a-35f587338218_rw_19208249.png]
[pro2-bar-s3-cdn-cf2.myportfolio.com/6cb08496-3719-4da6-84f5-4acbd62a57a5/d921a0ef-6998-413f-9a48-c469464b431ffbb0.png]
[pro2-bar-s3-cdn-cf2.myportfolio.com/6cb08496-3719-4da6-84f5-4acbd62a57a5/d921a0ef-6998-413f-9a48-c469464b431f_rw_12007ad6.png]
[pro2-bar-s3-cdn-cf2.myportfolio.com/6cb08496-3719-4da6-84f5-4acbd62a57a5/327bfffe-f39e-40eb-9b57-b98461166281651a.gif]
[pro2-bar-s3-cdn-cf2.myportfolio.com/6cb08496-3719-4da6-84f5-4acbd62a57a5/327bfffe-f39e-40eb-9b57-b98461166281_rw_19203e52.gif]
[cromeralec.myportfolio.com/art-and-graphics.html]
[pro2-bar-s3-cdn-cf4.myportfolio.com/6cb08496-3719-4da6-84f5-4acbd62a57a5/ffb889a9-532b-4d61-b337-518a83b6d016d52d.jpg]
[pro2-bar-s3-cdn-cf4.myportfolio.com/6cb08496-3719-4da6-84f5-4acbd62a57a5/ffb889a9-532b-4d61-b337-518a83b6d016_rw_12009980.jpg]
[pro2-bar-s3-cdn-cf3.myportfolio.com/6cb08496-3719-4da6-84f5-4acbd62a57a5/ec61cd09-9971-43d0-b814-f816c4fb631cd92f.jpg]
[pro2-bar-s3-cdn-cf3.myportfolio.com/6cb08496-3719-4da6-84f5-4acbd62a57a5/ec61cd09-9971-43d0-b814-f816c4fb631c_rw_1200df20.jpg]
[cromeralec.myportfolio.com/personal-projects.html]
[pro2-bar-s3-cdn-cf.myportfolio.com/6cb08496-3719-4da6-84f5-4acbd62a57a5/8d9e6b47-7dfe-45e9-8873-261f135f34d9fe4a.jpg]
[pro2-bar-s3-cdn-cf.myportfolio.com/6cb08496-3719-4da6-84f5-4acbd62a57a5/8d9e6b47-7dfe-45e9-8873-261f135f34d9_rw_19206ffe.jpg]
[pro2-bar-s3-cdn-cf.myportfolio.com/6cb08496-3719-4da6-84f5-4acbd62a57a5/b421296a-ed47-4f1f-9ae0-e44fa04a493227e4.jpg]
[pro2-bar-s3-cdn-cf.myportfolio.com/6cb08496-3719-4da6-84f5-4acbd62a57a5/b421296a-ed47-4f1f-9ae0-e44fa04a4932_rw_1920433a.jpg]
[pro2-bar-s3-cdn-cf2.myportfolio.com/6cb08496-3719-4da6-84f5-4acbd62a57a5/ded15bb5-beb3-47fc-b106-218be72b00eca165.jpg]
[pro2-bar-s3-cdn-cf2.myportfolio.com/6cb08496-3719-4da6-84f5-4acbd62a57a5/ded15bb5-beb3-47fc-b106-218be72b00ec_rw_1920f694.jpg]
[cromeralec.myportfolio.com/image-classification-system.html]
[pro2-bar-s3-cdn-cf2.myportfolio.com/6cb08496-3719-4da6-84f5-4acbd62a57a5/d650899c-cdd9-4bb8-877d-6ba2304582c45455.png]
[pro2-bar-s3-cdn-cf2.myportfolio.com/6cb08496-3719-4da6-84f5-4acbd62a57a5/d650899c-cdd9-4bb8-877d-6ba2304582c4_rw_12008f13.png]
[pro2-bar-s3-cdn-cf4.myportfolio.com/6cb08496-3719-4da6-84f5-4acbd62a57a5/f44e0c33-c654-4990-a23f-1989b2d3ddafb3d7.png]
[pro2-bar-s3-cdn-cf4.myportfolio.com/6cb08496-3719-4da6-84f5-4acbd62a57a5/f44e0c33-c654-4990-a23f-1989b2d3ddaf_rw_120059a2.png]
[pro2-bar-s3-cdn-cf.myportfolio.com/6cb08496-3719-4da6-84f5-4acbd62a57a5/86668f2c-1b4a-418a-8d25-aa29545450b28a94.png]
[pro2-bar-s3-cdn-cf.myportfolio.com/6cb08496-3719-4da6-84f5-4acbd62a57a5/86668f2c-1b4a-418a-8d25-aa29545450b2_rw_192071fa.png]
[pro2-bar-s3-cdn-cf4.myportfolio.com/6cb08496-3719-4da6-84f5-4acbd62a57a5/555b2c62-4dd7-4b0d-b1ed-4e0dfad9872245e0.png]
[pro2-bar-s3-cdn-cf4.myportfolio.com/6cb08496-3719-4da6-84f5-4acbd62a57a5/555b2c62-4dd7-4b0d-b1ed-4e0dfad98722_rw_192082fc.png]
[pro2-bar-s3-cdn-cf.myportfolio.com/6cb08496-3719-4da6-84f5-4acbd62a57a5/b7ef6054-caec-494d-b6b4-e839a04c7502e574.png]
[pro2-bar-s3-cdn-cf.myportfolio.com/6cb08496-3719-4da6-84f5-4acbd62a57a5/b7ef6054-caec-494d-b6b4-e839a04c7502_rw_12006963.png]
[pro2-bar-s3-cdn-cf.myportfolio.com/6cb08496-3719-4da6-84f5-4acbd62a57a5/10c84c90-2658-4a3c-a997-9c43cbc88d17f6b4.png]
[pro2-bar-s3-cdn-cf.myportfolio.com/6cb08496-3719-4da6-84f5-4acbd62a57a5/10c84c90-2658-4a3c-a997-9c43cbc88d17_rw_1200fc9f.png]
[pro2-bar-s3-cdn-cf3.myportfolio.com/6cb08496-3719-4da6-84f5-4acbd62a57a5/e44487e1-af9c-4a02-9ca5-91645d10fe8ba85f.png]
[pro2-bar-s3-cdn-cf3.myportfolio.com/6cb08496-3719-4da6-84f5-4acbd62a57a5/e44487e1-af9c-4a02-9ca5-91645d10fe8b_rw_192013a9.png]
[pro2-bar-s3-cdn-cf3.myportfolio.com/6cb08496-3719-4da6-84f5-4acbd62a57a5/e1b64584-73a3-4f27-bb29-b92e27dbb2c2e502.png]
[pro2-bar-s3-cdn-cf3.myportfolio.com/6cb08496-3719-4da6-84f5-4acbd62a57a5/e1b64584-73a3-4f27-bb29-b92e27dbb2c2_rw_6005ad1.png]
[pro2-bar-s3-cdn-cf6.myportfolio.com/6cb08496-3719-4da6-84f5-4acbd62a57a5/0a9f09fc-e798-42a9-b36f-9d53686bd8ebc227.png]
[pro2-bar-s3-cdn-cf6.myportfolio.com/6cb08496-3719-4da6-84f5-4acbd62a57a5/0a9f09fc-e798-42a9-b36f-9d53686bd8eb_rw_120010f2.png]
[pro2-bar-s3-cdn-cf5.myportfolio.com/6cb08496-3719-4da6-84f5-4acbd62a57a5/6c978169-c493-441c-884f-e21ead8d27a2d5fc.png]
[pro2-bar-s3-cdn-cf5.myportfolio.com/6cb08496-3719-4da6-84f5-4acbd62a57a5/6c978169-c493-441c-884f-e21ead8d27a2_rw_12006936.png]
[pro2-bar-s3-cdn-cf3.myportfolio.com/6cb08496-3719-4da6-84f5-4acbd62a57a5/4a517dfd-c0f0-4392-9a53-030381aa1db6daf4.png]
[pro2-bar-s3-cdn-cf3.myportfolio.com/6cb08496-3719-4da6-84f5-4acbd62a57a5/4a517dfd-c0f0-4392-9a53-030381aa1db6_rw_12000423.png]
[pro2-bar-s3-cdn-cf6.myportfolio.com/6cb08496-3719-4da6-84f5-4acbd62a57a5/737362e5-823e-4f7a-9728-8cfa075cadc4ff93.png]
[pro2-bar-s3-cdn-cf6.myportfolio.com/6cb08496-3719-4da6-84f5-4acbd62a57a5/737362e5-823e-4f7a-9728-8cfa075cadc4_rw_12002b4e.png]
[cromeralec.myportfolio.com/radiology-information-system.html]
[pro2-bar-s3-cdn-cf6.myportfolio.com/6cb08496-3719-4da6-84f5-4acbd62a57a5/7ea68e92-1b0b-4f2a-864b-98486b12e9ebeb16.jpg]
[cromeralec.myportfolio.com/resume.html]
[pro2-bar-s3-cdn-cf6.myportfolio.com/6cb08496-3719-4da6-84f5-4acbd62a57a5/7ea68e92-1b0b-4f2a-864b-98486b12e9eb_rw_1920e677.jpg]
[pro2-bar-s3-cdn-cf6.myportfolio.com/6cb08496-3719-4da6-84f5-4acbd62a57a5/7944009d-7021-4f63-bd24-18cbd53128ebacb5.jpg]
[pro2-bar-s3-cdn-cf6.myportfolio.com/6cb08496-3719-4da6-84f5-4acbd62a57a5/7944009d-7021-4f63-bd24-18cbd53128eb_rw_600b407.jpg]
[cromeralec.myportfolio.com/about-me.html]
[cromeralec.myportfolio.com/contact.html]
[pro2-bar-s3-cdn-cf6.myportfolio.com/6cb08496-3719-4da6-84f5-4acbd62a57a5/717829a48b5fad64747b7bf2f577ae73163891189245ed.css]
[pro2-bar-s3-cdn-cf4.myportfolio.com/6cb08496-3719-4da6-84f5-4acbd62a57a5/52cddcd242d375282e9e2c4ce6c7df441638911892fc5c.css]
